#
# A fatal error has been detected by the Java Runtime Environment:
#
#  EXCEPTION_ACCESS_VIOLATION (0xc0000005) at pc=0x00007ff8e094c49b, pid=5912, tid=3800
#
# JRE version: OpenJDK Runtime Environment (15.0.2+7) (build 15.0.2+7-27)
# Java VM: OpenJDK 64-Bit Server VM (15.0.2+7-27, mixed mode, tiered, compressed oops, g1 gc, windows-amd64)
# Problematic frame:
# V  [jvm.dll+0x5dc49b]
#
# No core dump will be written. Minidumps are not enabled by default on client versions of Windows
#
# If you would like to submit a bug report, please visit:
#   https://bugreport.java.com/bugreport/crash.jsp
#

---------------  S U M M A R Y ------------

Command Line: -Dfile.encoding=UTF-8 -agentpath:C:/Program Files/NetBeans-12.1/netbeans/profiler/lib/deployed/jdk16/windows-amd64/profilerinterface.dll=C:\Program Files\NetBeans-12.1\netbeans\profiler\lib,5140,10 -XX:+HeapDumpOnOutOfMemoryError -XX:HeapDumpPath=C:\Users\Connor\eclipse-workspace\Generating-Large-Futoshiki-Puzzles\nbproject\private\profiler --module-path=C:\Users\Connor\eclipse-workspace\Generating-Large-Futoshiki-Puzzles\build\classes futoshikigenerator.CreatePuzzle

Host: Intel(R) Core(TM) i7-8700K CPU @ 3.70GHz, 12 cores, 31G,  Windows 10 , 64 bit Build 19041 (10.0.19041.1566)
Time: Wed Apr 13 19:43:53 2022 GMT Summer Time elapsed time: 1.919896 seconds (0d 0h 0m 1s)

---------------  T H R E A D  ---------------

Current thread (0x000001b4acf09910):  JavaThread "*** Profiler Agent Communication Thread" daemon [_thread_in_vm, id=3800, stack(0x0000009863300000,0x0000009863400000)]

Stack: [0x0000009863300000,0x0000009863400000],  sp=0x00000098633fef40,  free space=1019k
Native frames: (J=compiled Java code, j=interpreted, Vv=VM code, C=native code)
V  [jvm.dll+0x5dc49b]
V  [jvm.dll+0x49bc6b]
C  [profilerinterface.dll+0x34da]

Java frames: (J=compiled Java code, j=interpreted, Vv=VM code)
j  org.netbeans.lib.profiler.server.system.Stacks.getMethodNamesForJMethodIds(I[I[I)[B+0
j  org.netbeans.lib.profiler.server.ProfilerInterface.getMethodNamesForJMethodIds([I)Lorg/netbeans/lib/profiler/wireprotocol/MethodNamesResponse;+20
j  org.netbeans.lib.profiler.server.ProfilerServer.handleClientCommand(Lorg/netbeans/lib/profiler/wireprotocol/Command;)V+691
j  org.netbeans.lib.profiler.server.ProfilerServer.listenToClient()V+48
j  org.netbeans.lib.profiler.server.ProfilerServer.run()V+22
v  ~StubRoutines::call_stub

siginfo: EXCEPTION_ACCESS_VIOLATION (0xc0000005), reading address 0xffffffffad33bb10


Register to memory mapping:

RIP=0x00007ff8e094c49b jvm.dll
RAX=0x00000098633fef01 is pointing into the stack for thread: 0x000001b4acf09910
RBX=0x000001b4acf09910 is a thread
RCX=0xffffffffad33bb10 is an unknown value
RDX=0x000001b4acf09910 is a thread
RSP=0x00000098633fef40 is pointing into the stack for thread: 0x000001b4acf09910
RBP=0xffffffffad33bb10 is an unknown value
RSI=0x00000098633ff060 is pointing into the stack for thread: 0x000001b4acf09910
RDI=0x000001b481485520 points into unknown readable memory: 0x00007ff8e0d7b970 | 70 b9 d7 e0 f8 7f 00 00
R8 =0x00000098633ff060 is pointing into the stack for thread: 0x000001b4acf09910
R9 =0x0000000000000011 is an unknown value
R10=0x0 is NULL
R11=0x00000098633fef38 is pointing into the stack for thread: 0x000001b4acf09910
R12=0x000001b4adc13980 points into unknown readable memory: 0x2d15ee982d33bb10 | 10 bb 33 2d 98 ee 15 2d
R13=0x000000000000005a is an unknown value
R14=0x00007ff972b29c68 profilerinterface.dll
R15=0x00007ff972b29a60 profilerinterface.dll


Registers:
RAX=0x00000098633fef01, RBX=0x000001b4acf09910, RCX=0xffffffffad33bb10, RDX=0x000001b4acf09910
RSP=0x00000098633fef40, RBP=0xffffffffad33bb10, RSI=0x00000098633ff060, RDI=0x000001b481485520
R8 =0x00000098633ff060, R9 =0x0000000000000011, R10=0x0000000000000000, R11=0x00000098633fef38
R12=0x000001b4adc13980, R13=0x000000000000005a, R14=0x00007ff972b29c68, R15=0x00007ff972b29a60
RIP=0x00007ff8e094c49b, EFLAGS=0x0000000000010282

Top of Stack: (sp=0x00000098633fef40)
0x00000098633fef40:   000000000000005a 000001b4adc13980
0x00000098633fef50:   000001b4acf09910 00000098633ff118
0x00000098633fef60:   000001b4acf09910 00007ff8e080bc6b
0x00000098633fef70:   0000000000000e10 000001b4acf09910
0x00000098633fef80:   000001b4acf09c38 00007ff983409d40
0x00000098633fef90:   000001b4acf09910 0000000000000000
0x00000098633fefa0:   000001b400000000 0000000000000000
0x00000098633fefb0:   ffffffffad33bb10 00007ff972b234da
0x00000098633fefc0:   0000000000000000 000001b4acf09c38
0x00000098633fefd0:   0000000000001804 000001b4adedf3c8
0x00000098633fefe0:   000001b4adc13980 00007ff8e06bc687
0x00000098633feff0:   000000000001bb5b 000001b486f2f645
0x00000098633ff000:   000001b4acf09910 0000000000001804
0x00000098633ff010:   000001b4adedf3c8 000001b4acf09910
0x00000098633ff020:   000001b4acf09910 000001b4adedf3c8
0x00000098633ff030:   0000000000000000 000001b486ee9c70 

Instructions: (pc=0x00007ff8e094c49b)
0x00007ff8e094c39b:   00 00 4d 85 f6 74 3c 49 8b 06 49 8b ce 48 89 7c
0x00007ff8e094c3ab:   24 38 ff 50 30 49 8b 16 49 8b ce 48 63 d8 ff 52
0x00007ff8e094c3bb:   08 48 8b cd 0f b6 f8 e8 b9 ce be ff 48 8b c8 44
0x00007ff8e094c3cb:   0f b6 cf 4c 8b c3 49 8b d6 e8 57 44 ff ff 48 8b
0x00007ff8e094c3db:   7c 24 38 48 8b 6c 24 58 80 3d 79 6c 4a 00 00 74
0x00007ff8e094c3eb:   18 48 8b 4c 24 20 48 8b d6 e8 a7 26 00 00 48 83
0x00007ff8e094c3fb:   7e 08 00 74 04 33 db eb 09 48 8b 44 24 20 48 8b
0x00007ff8e094c40b:   58 18 48 8d 4c 24 20 e8 99 80 d3 ff 4c 8b 74 24
0x00007ff8e094c41b:   30 48 8b c3 48 8b 5c 24 50 48 83 c4 40 5e c3 cc
0x00007ff8e094c42b:   cc cc cc cc cc 48 8b 51 08 4c 8b c1 48 8b 42 08
0x00007ff8e094c43b:   0f b6 52 24 c0 ea 06 48 8b 48 18 8b 81 a4 00 00
0x00007ff8e094c44b:   00 f6 c2 01 75 27 48 85 c9 74 14 8b c8 c1 e9 09
0x00007ff8e094c45b:   f6 c1 01 74 0a 41 f7 40 20 02 04 00 00 74 0e 41
0x00007ff8e094c46b:   8b 48 20 0b c8 f6 c1 10 74 03 b0 01 c3 41 83 78
0x00007ff8e094c47b:   24 fe 0f 94 c0 c3 cc cc cc cc cc cc cc cc cc cc
0x00007ff8e094c48b:   cc cc cc cc cc 40 53 48 83 ec 20 48 85 c9 74 24
0x00007ff8e094c49b:   48 8b 19 48 85 db 74 1c 48 83 fb 37 74 16 48 8b
0x00007ff8e094c4ab:   13 48 8b cb ff 52 10 84 c0 74 09 48 8b c3 48 83
0x00007ff8e094c4bb:   c4 20 5b c3 33 c0 48 83 c4 20 5b c3 cc cc cc cc
0x00007ff8e094c4cb:   cc cc cc cc cc 40 53 55 41 56 41 57 48 83 ec 28
0x00007ff8e094c4db:   48 8b 41 08 33 ed 4c 8b f1 48 8b 50 08 4c 8b 7a
0x00007ff8e094c4eb:   18 49 8b 9f 70 01 00 00 48 85 db 0f 84 e5 00 00
0x00007ff8e094c4fb:   00 8b 15 ca 39 4f 00 65 48 8b 04 25 58 00 00 00
0x00007ff8e094c50b:   48 89 74 24 50 4c 89 64 24 60 4c 89 6c 24 20 41
0x00007ff8e094c51b:   bd ff ff 00 00 4c 8d 24 d0 41 b8 40 00 00 00 48
0x00007ff8e094c52b:   89 7c 24 58 90 49 8b 56 08 48 8b 73 10 0f b7 42
0x00007ff8e094c53b:   2a 66 39 43 08 75 7c 0f b7 42 2c 66 39 43 0a 75
0x00007ff8e094c54b:   72 0f b6 03 48 63 4b 04 49 8b 3c 24 88 44 11 38
0x00007ff8e094c55b:   41 8b c0 80 3c 38 00 75 05 e8 a3 c5 1f 00 b8 08
0x00007ff8e094c56b:   00 00 00 49 8b ce 48 8b 3c 38 48 8b d7 e8 53 2a
0x00007ff8e094c57b:   bc ff 48 83 7f 08 00 75 0a 48 85 c0 74 05 66 44
0x00007ff8e094c58b:   01 68 16 48 85 ed 74 14 48 8b cb 48 89 75 10 e8 


Stack slot to memory mapping:
stack at sp + 0 slots: 0x000000000000005a is an unknown value
stack at sp + 1 slots: 0x000001b4adc13980 points into unknown readable memory: 0x2d15ee982d33bb10 | 10 bb 33 2d 98 ee 15 2d
stack at sp + 2 slots: 0x000001b4acf09910 is a thread
stack at sp + 3 slots: 0x00000098633ff118 is pointing into the stack for thread: 0x000001b4acf09910
stack at sp + 4 slots: 0x000001b4acf09910 is a thread
stack at sp + 5 slots: 0x00007ff8e080bc6b jvm.dll
stack at sp + 6 slots: 0x0000000000000e10 is an unknown value
stack at sp + 7 slots: 0x000001b4acf09910 is a thread


---------------  P R O C E S S  ---------------

Threads class SMR info:
_java_thread_list=0x000001b4acf4c650, length=17, elements={
0x000001b48148d930, 0x000001b4ac063eb0, 0x000001b4ac064870, 0x000001b4ac06df30,
0x000001b4ac06e8f0, 0x000001b4ac90a350, 0x000001b4ac947400, 0x000001b4ac94b940,
0x000001b4ac90f270, 0x000001b4aca63200, 0x000001b4acf09910, 0x000001b4acea2860,
0x000001b4acea2d30, 0x000001b4ad166f70, 0x000001b4ad167440, 0x000001b4ad34cf60,
0x000001b4ad349960
}

Java Threads: ( => current thread )
  0x000001b48148d930 JavaThread "main" [_thread_blocked, id=3428, stack(0x0000009862200000,0x0000009862300000)]
  0x000001b4ac063eb0 JavaThread "Reference Handler" daemon [_thread_blocked, id=20640, stack(0x0000009862900000,0x0000009862a00000)]
  0x000001b4ac064870 JavaThread "Finalizer" daemon [_thread_blocked, id=26912, stack(0x0000009862a00000,0x0000009862b00000)]
  0x000001b4ac06df30 JavaThread "Signal Dispatcher" daemon [_thread_blocked, id=23276, stack(0x0000009862b00000,0x0000009862c00000)]
  0x000001b4ac06e8f0 JavaThread "Attach Listener" daemon [_thread_blocked, id=22692, stack(0x0000009862c00000,0x0000009862d00000)]
  0x000001b4ac90a350 JavaThread "Service Thread" daemon [_thread_blocked, id=28324, stack(0x0000009862d00000,0x0000009862e00000)]
  0x000001b4ac947400 JavaThread "C2 CompilerThread0" daemon [_thread_blocked, id=1464, stack(0x0000009862e00000,0x0000009862f00000)]
  0x000001b4ac94b940 JavaThread "C1 CompilerThread0" daemon [_thread_blocked, id=7724, stack(0x0000009862f00000,0x0000009863000000)]
  0x000001b4ac90f270 JavaThread "Sweeper thread" daemon [_thread_blocked, id=21864, stack(0x0000009863000000,0x0000009863100000)]
  0x000001b4aca63200 JavaThread "Common-Cleaner" daemon [_thread_blocked, id=18480, stack(0x0000009863100000,0x0000009863200000)]
=>0x000001b4acf09910 JavaThread "*** Profiler Agent Communication Thread" daemon [_thread_in_vm, id=3800, stack(0x0000009863300000,0x0000009863400000)]
  0x000001b4acea2860 JavaThread "*** JFluid Monitor thread ***" daemon [_thread_blocked, id=7732, stack(0x0000009863200000,0x0000009863300000)]
  0x000001b4acea2d30 JavaThread "*** Profiler Agent Special Execution Thread 6" daemon [_thread_blocked, id=22096, stack(0x0000009863400000,0x0000009863500000)]
  0x000001b4ad166f70 JavaThread "*** Profiler Agent Special Execution Thread 10" daemon [_thread_blocked, id=20384, stack(0x0000009863600000,0x0000009863700000)]
  0x000001b4ad167440 JavaThread "Notification Thread" daemon [_thread_blocked, id=28048, stack(0x0000009863500000,0x0000009863600000)]
  0x000001b4ad34cf60 JavaThread "C2 CompilerThread1" daemon [_thread_blocked, id=16552, stack(0x0000009863800000,0x0000009863900000)]
  0x000001b4ad349960 JavaThread "C2 CompilerThread2" daemon [_thread_blocked, id=27144, stack(0x0000009863900000,0x0000009863a00000)]

Other Threads:
  0x000001b4ac8feee0 VMThread "VM Thread" [stack: 0x0000009862800000,0x0000009862900000] [id=21568] _threads_hazard_ptr=0x000001b4acf4c650
  0x000001b4ad167910 WatcherThread [stack: 0x0000009863700000,0x0000009863800000] [id=2472]
  0x000001b4835397a0 GCTaskThread "GC Thread#0" [stack: 0x0000009862300000,0x0000009862400000] [id=27800]
  0x000001b4acbb80f0 GCTaskThread "GC Thread#1" [stack: 0x0000009863a00000,0x0000009863b00000] [id=19868]
  0x000001b4acbb6110 GCTaskThread "GC Thread#2" [stack: 0x0000009863b00000,0x0000009863c00000] [id=19380]
  0x000001b4acbb90e0 GCTaskThread "GC Thread#3" [stack: 0x0000009863c00000,0x0000009863d00000] [id=14980]
  0x000001b4acbb6440 GCTaskThread "GC Thread#4" [stack: 0x0000009863d00000,0x0000009863e00000] [id=15296]
  0x000001b4acbb8750 GCTaskThread "GC Thread#5" [stack: 0x0000009863e00000,0x0000009863f00000] [id=23016]
  0x000001b4acbb6dd0 GCTaskThread "GC Thread#6" [stack: 0x0000009863f00000,0x0000009864000000] [id=26884]
  0x000001b4acbb6770 GCTaskThread "GC Thread#7" [stack: 0x0000009864000000,0x0000009864100000] [id=3816]
  0x000001b4acbb6aa0 GCTaskThread "GC Thread#8" [stack: 0x0000009864100000,0x0000009864200000] [id=18368]
  0x000001b4acbb8a80 GCTaskThread "GC Thread#9" [stack: 0x0000009864200000,0x0000009864300000] [id=8316]
  0x000001b48354c990 ConcurrentGCThread "G1 Main Marker" [stack: 0x0000009862400000,0x0000009862500000] [id=5812]
  0x000001b48354dd20 ConcurrentGCThread "G1 Conc#0" [stack: 0x0000009862500000,0x0000009862600000] [id=22704]
  0x000001b48359dac0 ConcurrentGCThread "G1 Refine#0" [stack: 0x0000009862600000,0x0000009862700000] [id=24100]
  0x000001b48359e210 ConcurrentGCThread "G1 Young RemSet Sampling" [stack: 0x0000009862700000,0x0000009862800000] [id=15024]

Threads with active compile tasks:

VM state: synchronizing (normal execution)

VM Mutex/Monitor currently owned by a thread:  ([mutex/lock_event])
[0x000001b48148b560] Threads_lock - owner thread: 0x000001b4ac8feee0

Heap address: 0x0000000601000000, size: 8176 MB, Compressed Oops mode: Zero based, Oop shift amount: 3
CDS disabled.
Compressed class space mapped at: 0x0000000800000000-0x0000000840000000, size: 1073741824
Narrow klass base: 0x0000000800000000, Narrow klass shift: 0, Narrow klass range: 0x40000000

GC Precious Log:
 CPUs: 12 total, 12 available
 Memory: 32697M
 Large Page Support: Disabled
 NUMA Support: Disabled
 Compressed Oops: Enabled (Zero based)
 Heap Region Size: 4M
 Heap Min Capacity: 8M
 Heap Initial Capacity: 512M
 Heap Max Capacity: 8176M
 Pre-touch: Disabled
 Parallel Workers: 10
 Concurrent Workers: 3
 Concurrent Refinement Workers: 10
 Periodic GC: Disabled

Heap:
 garbage-first heap   total 524288K, used 81691K [0x0000000601000000, 0x0000000800000000)
  region size 4096K, 21 young (86016K), 1 survivors (4096K)
 Metaspace       used 13434K, capacity 13630K, committed 13696K, reserved 1060864K
  class space    used 1271K, capacity 1349K, committed 1408K, reserved 1048576K

Heap Regions: E=young(eden), S=young(survivor), O=old, HS=humongous(starts), HC=humongous(continues), CS=collection set, F=free, OA=open archive, CA=closed archive, TAMS=top-at-mark-start (previous, next)
|   0|0x0000000601000000, 0x000000060139ca00, 0x0000000601400000| 90%| O|  |TAMS 0x0000000601000000, 0x0000000601000000| Untracked 
|   1|0x0000000601400000, 0x0000000601400000, 0x0000000601800000|  0%| F|  |TAMS 0x0000000601400000, 0x0000000601400000| Untracked 
|   2|0x0000000601800000, 0x0000000601800000, 0x0000000601c00000|  0%| F|  |TAMS 0x0000000601800000, 0x0000000601800000| Untracked 
|   3|0x0000000601c00000, 0x0000000601c00000, 0x0000000602000000|  0%| F|  |TAMS 0x0000000601c00000, 0x0000000601c00000| Untracked 
|   4|0x0000000602000000, 0x0000000602000000, 0x0000000602400000|  0%| F|  |TAMS 0x0000000602000000, 0x0000000602000000| Untracked 
|   5|0x0000000602400000, 0x0000000602400000, 0x0000000602800000|  0%| F|  |TAMS 0x0000000602400000, 0x0000000602400000| Untracked 
|   6|0x0000000602800000, 0x0000000602800000, 0x0000000602c00000|  0%| F|  |TAMS 0x0000000602800000, 0x0000000602800000| Untracked 
|   7|0x0000000602c00000, 0x0000000602c00000, 0x0000000603000000|  0%| F|  |TAMS 0x0000000602c00000, 0x0000000602c00000| Untracked 
|   8|0x0000000603000000, 0x0000000603000000, 0x0000000603400000|  0%| F|  |TAMS 0x0000000603000000, 0x0000000603000000| Untracked 
|   9|0x0000000603400000, 0x0000000603400000, 0x0000000603800000|  0%| F|  |TAMS 0x0000000603400000, 0x0000000603400000| Untracked 
|  10|0x0000000603800000, 0x0000000603800000, 0x0000000603c00000|  0%| F|  |TAMS 0x0000000603800000, 0x0000000603800000| Untracked 
|  11|0x0000000603c00000, 0x0000000603c00000, 0x0000000604000000|  0%| F|  |TAMS 0x0000000603c00000, 0x0000000603c00000| Untracked 
|  12|0x0000000604000000, 0x0000000604000000, 0x0000000604400000|  0%| F|  |TAMS 0x0000000604000000, 0x0000000604000000| Untracked 
|  13|0x0000000604400000, 0x0000000604400000, 0x0000000604800000|  0%| F|  |TAMS 0x0000000604400000, 0x0000000604400000| Untracked 
|  14|0x0000000604800000, 0x0000000604800000, 0x0000000604c00000|  0%| F|  |TAMS 0x0000000604800000, 0x0000000604800000| Untracked 
|  15|0x0000000604c00000, 0x0000000604c00000, 0x0000000605000000|  0%| F|  |TAMS 0x0000000604c00000, 0x0000000604c00000| Untracked 
|  16|0x0000000605000000, 0x0000000605000000, 0x0000000605400000|  0%| F|  |TAMS 0x0000000605000000, 0x0000000605000000| Untracked 
|  17|0x0000000605400000, 0x0000000605400000, 0x0000000605800000|  0%| F|  |TAMS 0x0000000605400000, 0x0000000605400000| Untracked 
|  18|0x0000000605800000, 0x0000000605800000, 0x0000000605c00000|  0%| F|  |TAMS 0x0000000605800000, 0x0000000605800000| Untracked 
|  19|0x0000000605c00000, 0x0000000605c00000, 0x0000000606000000|  0%| F|  |TAMS 0x0000000605c00000, 0x0000000605c00000| Untracked 
|  20|0x0000000606000000, 0x0000000606000000, 0x0000000606400000|  0%| F|  |TAMS 0x0000000606000000, 0x0000000606000000| Untracked 
|  21|0x0000000606400000, 0x0000000606400000, 0x0000000606800000|  0%| F|  |TAMS 0x0000000606400000, 0x0000000606400000| Untracked 
|  22|0x0000000606800000, 0x0000000606800000, 0x0000000606c00000|  0%| F|  |TAMS 0x0000000606800000, 0x0000000606800000| Untracked 
|  23|0x0000000606c00000, 0x0000000606c00000, 0x0000000607000000|  0%| F|  |TAMS 0x0000000606c00000, 0x0000000606c00000| Untracked 
|  24|0x0000000607000000, 0x0000000607000000, 0x0000000607400000|  0%| F|  |TAMS 0x0000000607000000, 0x0000000607000000| Untracked 
|  25|0x0000000607400000, 0x0000000607400000, 0x0000000607800000|  0%| F|  |TAMS 0x0000000607400000, 0x0000000607400000| Untracked 
|  26|0x0000000607800000, 0x0000000607800000, 0x0000000607c00000|  0%| F|  |TAMS 0x0000000607800000, 0x0000000607800000| Untracked 
|  27|0x0000000607c00000, 0x0000000607c00000, 0x0000000608000000|  0%| F|  |TAMS 0x0000000607c00000, 0x0000000607c00000| Untracked 
|  28|0x0000000608000000, 0x0000000608000000, 0x0000000608400000|  0%| F|  |TAMS 0x0000000608000000, 0x0000000608000000| Untracked 
|  29|0x0000000608400000, 0x0000000608400000, 0x0000000608800000|  0%| F|  |TAMS 0x0000000608400000, 0x0000000608400000| Untracked 
|  30|0x0000000608800000, 0x0000000608800000, 0x0000000608c00000|  0%| F|  |TAMS 0x0000000608800000, 0x0000000608800000| Untracked 
|  31|0x0000000608c00000, 0x0000000608c00000, 0x0000000609000000|  0%| F|  |TAMS 0x0000000608c00000, 0x0000000608c00000| Untracked 
|  32|0x0000000609000000, 0x0000000609000000, 0x0000000609400000|  0%| F|  |TAMS 0x0000000609000000, 0x0000000609000000| Untracked 
|  33|0x0000000609400000, 0x0000000609400000, 0x0000000609800000|  0%| F|  |TAMS 0x0000000609400000, 0x0000000609400000| Untracked 
|  34|0x0000000609800000, 0x0000000609800000, 0x0000000609c00000|  0%| F|  |TAMS 0x0000000609800000, 0x0000000609800000| Untracked 
|  35|0x0000000609c00000, 0x0000000609c00000, 0x000000060a000000|  0%| F|  |TAMS 0x0000000609c00000, 0x0000000609c00000| Untracked 
|  36|0x000000060a000000, 0x000000060a000000, 0x000000060a400000|  0%| F|  |TAMS 0x000000060a000000, 0x000000060a000000| Untracked 
|  37|0x000000060a400000, 0x000000060a400000, 0x000000060a800000|  0%| F|  |TAMS 0x000000060a400000, 0x000000060a400000| Untracked 
|  38|0x000000060a800000, 0x000000060a800000, 0x000000060ac00000|  0%| F|  |TAMS 0x000000060a800000, 0x000000060a800000| Untracked 
|  39|0x000000060ac00000, 0x000000060ac00000, 0x000000060b000000|  0%| F|  |TAMS 0x000000060ac00000, 0x000000060ac00000| Untracked 
|  40|0x000000060b000000, 0x000000060b000000, 0x000000060b400000|  0%| F|  |TAMS 0x000000060b000000, 0x000000060b000000| Untracked 
|  41|0x000000060b400000, 0x000000060b400000, 0x000000060b800000|  0%| F|  |TAMS 0x000000060b400000, 0x000000060b400000| Untracked 
|  42|0x000000060b800000, 0x000000060b800000, 0x000000060bc00000|  0%| F|  |TAMS 0x000000060b800000, 0x000000060b800000| Untracked 
|  43|0x000000060bc00000, 0x000000060bc00000, 0x000000060c000000|  0%| F|  |TAMS 0x000000060bc00000, 0x000000060bc00000| Untracked 
|  44|0x000000060c000000, 0x000000060c000000, 0x000000060c400000|  0%| F|  |TAMS 0x000000060c000000, 0x000000060c000000| Untracked 
|  45|0x000000060c400000, 0x000000060c400000, 0x000000060c800000|  0%| F|  |TAMS 0x000000060c400000, 0x000000060c400000| Untracked 
|  46|0x000000060c800000, 0x000000060c800000, 0x000000060cc00000|  0%| F|  |TAMS 0x000000060c800000, 0x000000060c800000| Untracked 
|  47|0x000000060cc00000, 0x000000060cc00000, 0x000000060d000000|  0%| F|  |TAMS 0x000000060cc00000, 0x000000060cc00000| Untracked 
|  48|0x000000060d000000, 0x000000060d000000, 0x000000060d400000|  0%| F|  |TAMS 0x000000060d000000, 0x000000060d000000| Untracked 
|  49|0x000000060d400000, 0x000000060d400000, 0x000000060d800000|  0%| F|  |TAMS 0x000000060d400000, 0x000000060d400000| Untracked 
|  50|0x000000060d800000, 0x000000060d800000, 0x000000060dc00000|  0%| F|  |TAMS 0x000000060d800000, 0x000000060d800000| Untracked 
|  51|0x000000060dc00000, 0x000000060dc00000, 0x000000060e000000|  0%| F|  |TAMS 0x000000060dc00000, 0x000000060dc00000| Untracked 
|  52|0x000000060e000000, 0x000000060e02a3c0, 0x000000060e400000|  4%| S|CS|TAMS 0x000000060e000000, 0x000000060e000000| Complete 
|  53|0x000000060e400000, 0x000000060e400000, 0x000000060e800000|  0%| F|  |TAMS 0x000000060e400000, 0x000000060e400000| Untracked 
|  54|0x000000060e800000, 0x000000060e800000, 0x000000060ec00000|  0%| F|  |TAMS 0x000000060e800000, 0x000000060e800000| Untracked 
|  55|0x000000060ec00000, 0x000000060ec00000, 0x000000060f000000|  0%| F|  |TAMS 0x000000060ec00000, 0x000000060ec00000| Untracked 
|  56|0x000000060f000000, 0x000000060f000000, 0x000000060f400000|  0%| F|  |TAMS 0x000000060f000000, 0x000000060f000000| Untracked 
|  57|0x000000060f400000, 0x000000060f400000, 0x000000060f800000|  0%| F|  |TAMS 0x000000060f400000, 0x000000060f400000| Untracked 
|  58|0x000000060f800000, 0x000000060f800000, 0x000000060fc00000|  0%| F|  |TAMS 0x000000060f800000, 0x000000060f800000| Untracked 
|  59|0x000000060fc00000, 0x000000060fc00000, 0x0000000610000000|  0%| F|  |TAMS 0x000000060fc00000, 0x000000060fc00000| Untracked 
|  60|0x0000000610000000, 0x0000000610000000, 0x0000000610400000|  0%| F|  |TAMS 0x0000000610000000, 0x0000000610000000| Untracked 
|  61|0x0000000610400000, 0x0000000610400000, 0x0000000610800000|  0%| F|  |TAMS 0x0000000610400000, 0x0000000610400000| Untracked 
|  62|0x0000000610800000, 0x0000000610800000, 0x0000000610c00000|  0%| F|  |TAMS 0x0000000610800000, 0x0000000610800000| Untracked 
|  63|0x0000000610c00000, 0x0000000610c00000, 0x0000000611000000|  0%| F|  |TAMS 0x0000000610c00000, 0x0000000610c00000| Untracked 
|  64|0x0000000611000000, 0x0000000611000000, 0x0000000611400000|  0%| F|  |TAMS 0x0000000611000000, 0x0000000611000000| Untracked 
|  65|0x0000000611400000, 0x0000000611400000, 0x0000000611800000|  0%| F|  |TAMS 0x0000000611400000, 0x0000000611400000| Untracked 
|  66|0x0000000611800000, 0x0000000611800000, 0x0000000611c00000|  0%| F|  |TAMS 0x0000000611800000, 0x0000000611800000| Untracked 
|  67|0x0000000611c00000, 0x0000000611c00000, 0x0000000612000000|  0%| F|  |TAMS 0x0000000611c00000, 0x0000000611c00000| Untracked 
|  68|0x0000000612000000, 0x0000000612000000, 0x0000000612400000|  0%| F|  |TAMS 0x0000000612000000, 0x0000000612000000| Untracked 
|  69|0x0000000612400000, 0x0000000612400000, 0x0000000612800000|  0%| F|  |TAMS 0x0000000612400000, 0x0000000612400000| Untracked 
|  70|0x0000000612800000, 0x0000000612800000, 0x0000000612c00000|  0%| F|  |TAMS 0x0000000612800000, 0x0000000612800000| Untracked 
|  71|0x0000000612c00000, 0x0000000612c00000, 0x0000000613000000|  0%| F|  |TAMS 0x0000000612c00000, 0x0000000612c00000| Untracked 
|  72|0x0000000613000000, 0x0000000613000000, 0x0000000613400000|  0%| F|  |TAMS 0x0000000613000000, 0x0000000613000000| Untracked 
|  73|0x0000000613400000, 0x0000000613400000, 0x0000000613800000|  0%| F|  |TAMS 0x0000000613400000, 0x0000000613400000| Untracked 
|  74|0x0000000613800000, 0x0000000613800000, 0x0000000613c00000|  0%| F|  |TAMS 0x0000000613800000, 0x0000000613800000| Untracked 
|  75|0x0000000613c00000, 0x0000000613c00000, 0x0000000614000000|  0%| F|  |TAMS 0x0000000613c00000, 0x0000000613c00000| Untracked 
|  76|0x0000000614000000, 0x0000000614000000, 0x0000000614400000|  0%| F|  |TAMS 0x0000000614000000, 0x0000000614000000| Untracked 
|  77|0x0000000614400000, 0x0000000614400000, 0x0000000614800000|  0%| F|  |TAMS 0x0000000614400000, 0x0000000614400000| Untracked 
|  78|0x0000000614800000, 0x0000000614800000, 0x0000000614c00000|  0%| F|  |TAMS 0x0000000614800000, 0x0000000614800000| Untracked 
|  79|0x0000000614c00000, 0x0000000614c00000, 0x0000000615000000|  0%| F|  |TAMS 0x0000000614c00000, 0x0000000614c00000| Untracked 
|  80|0x0000000615000000, 0x0000000615000000, 0x0000000615400000|  0%| F|  |TAMS 0x0000000615000000, 0x0000000615000000| Untracked 
|  81|0x0000000615400000, 0x0000000615400000, 0x0000000615800000|  0%| F|  |TAMS 0x0000000615400000, 0x0000000615400000| Untracked 
|  82|0x0000000615800000, 0x0000000615800000, 0x0000000615c00000|  0%| F|  |TAMS 0x0000000615800000, 0x0000000615800000| Untracked 
|  83|0x0000000615c00000, 0x0000000615c00000, 0x0000000616000000|  0%| F|  |TAMS 0x0000000615c00000, 0x0000000615c00000| Untracked 
|  84|0x0000000616000000, 0x0000000616000000, 0x0000000616400000|  0%| F|  |TAMS 0x0000000616000000, 0x0000000616000000| Untracked 
|  85|0x0000000616400000, 0x0000000616400000, 0x0000000616800000|  0%| F|  |TAMS 0x0000000616400000, 0x0000000616400000| Untracked 
|  86|0x0000000616800000, 0x0000000616800000, 0x0000000616c00000|  0%| F|  |TAMS 0x0000000616800000, 0x0000000616800000| Untracked 
|  87|0x0000000616c00000, 0x0000000616c00000, 0x0000000617000000|  0%| F|  |TAMS 0x0000000616c00000, 0x0000000616c00000| Untracked 
|  88|0x0000000617000000, 0x0000000617000000, 0x0000000617400000|  0%| F|  |TAMS 0x0000000617000000, 0x0000000617000000| Untracked 
|  89|0x0000000617400000, 0x0000000617400000, 0x0000000617800000|  0%| F|  |TAMS 0x0000000617400000, 0x0000000617400000| Untracked 
|  90|0x0000000617800000, 0x0000000617800000, 0x0000000617c00000|  0%| F|  |TAMS 0x0000000617800000, 0x0000000617800000| Untracked 
|  91|0x0000000617c00000, 0x0000000617c00000, 0x0000000618000000|  0%| F|  |TAMS 0x0000000617c00000, 0x0000000617c00000| Untracked 
|  92|0x0000000618000000, 0x0000000618000000, 0x0000000618400000|  0%| F|  |TAMS 0x0000000618000000, 0x0000000618000000| Untracked 
|  93|0x0000000618400000, 0x0000000618400000, 0x0000000618800000|  0%| F|  |TAMS 0x0000000618400000, 0x0000000618400000| Untracked 
|  94|0x0000000618800000, 0x0000000618800000, 0x0000000618c00000|  0%| F|  |TAMS 0x0000000618800000, 0x0000000618800000| Untracked 
|  95|0x0000000618c00000, 0x0000000618c00000, 0x0000000619000000|  0%| F|  |TAMS 0x0000000618c00000, 0x0000000618c00000| Untracked 
|  96|0x0000000619000000, 0x0000000619000000, 0x0000000619400000|  0%| F|  |TAMS 0x0000000619000000, 0x0000000619000000| Untracked 
|  97|0x0000000619400000, 0x0000000619400000, 0x0000000619800000|  0%| F|  |TAMS 0x0000000619400000, 0x0000000619400000| Untracked 
|  98|0x0000000619800000, 0x0000000619800000, 0x0000000619c00000|  0%| F|  |TAMS 0x0000000619800000, 0x0000000619800000| Untracked 
|  99|0x0000000619c00000, 0x0000000619c00000, 0x000000061a000000|  0%| F|  |TAMS 0x0000000619c00000, 0x0000000619c00000| Untracked 
| 100|0x000000061a000000, 0x000000061a000000, 0x000000061a400000|  0%| F|  |TAMS 0x000000061a000000, 0x000000061a000000| Untracked 
| 101|0x000000061a400000, 0x000000061a400000, 0x000000061a800000|  0%| F|  |TAMS 0x000000061a400000, 0x000000061a400000| Untracked 
| 102|0x000000061a800000, 0x000000061a800000, 0x000000061ac00000|  0%| F|  |TAMS 0x000000061a800000, 0x000000061a800000| Untracked 
| 103|0x000000061ac00000, 0x000000061ac00000, 0x000000061b000000|  0%| F|  |TAMS 0x000000061ac00000, 0x000000061ac00000| Untracked 
| 104|0x000000061b000000, 0x000000061b000000, 0x000000061b400000|  0%| F|  |TAMS 0x000000061b000000, 0x000000061b000000| Untracked 
| 105|0x000000061b400000, 0x000000061b400000, 0x000000061b800000|  0%| F|  |TAMS 0x000000061b400000, 0x000000061b400000| Untracked 
| 106|0x000000061b800000, 0x000000061b800000, 0x000000061bc00000|  0%| F|  |TAMS 0x000000061b800000, 0x000000061b800000| Untracked 
| 107|0x000000061bc00000, 0x000000061bc00000, 0x000000061c000000|  0%| F|  |TAMS 0x000000061bc00000, 0x000000061bc00000| Untracked 
| 108|0x000000061c000000, 0x000000061c200800, 0x000000061c400000| 50%| E|  |TAMS 0x000000061c000000, 0x000000061c000000| Complete 
| 109|0x000000061c400000, 0x000000061c800000, 0x000000061c800000|100%| E|CS|TAMS 0x000000061c400000, 0x000000061c400000| Complete 
| 110|0x000000061c800000, 0x000000061cc00000, 0x000000061cc00000|100%| E|CS|TAMS 0x000000061c800000, 0x000000061c800000| Complete 
| 111|0x000000061cc00000, 0x000000061d000000, 0x000000061d000000|100%| E|CS|TAMS 0x000000061cc00000, 0x000000061cc00000| Complete 
| 112|0x000000061d000000, 0x000000061d400000, 0x000000061d400000|100%| E|CS|TAMS 0x000000061d000000, 0x000000061d000000| Complete 
| 113|0x000000061d400000, 0x000000061d800000, 0x000000061d800000|100%| E|CS|TAMS 0x000000061d400000, 0x000000061d400000| Complete 
| 114|0x000000061d800000, 0x000000061dc00000, 0x000000061dc00000|100%| E|CS|TAMS 0x000000061d800000, 0x000000061d800000| Complete 
| 115|0x000000061dc00000, 0x000000061e000000, 0x000000061e000000|100%| E|CS|TAMS 0x000000061dc00000, 0x000000061dc00000| Complete 
| 116|0x000000061e000000, 0x000000061e400000, 0x000000061e400000|100%| E|CS|TAMS 0x000000061e000000, 0x000000061e000000| Complete 
| 117|0x000000061e400000, 0x000000061e800000, 0x000000061e800000|100%| E|CS|TAMS 0x000000061e400000, 0x000000061e400000| Complete 
| 118|0x000000061e800000, 0x000000061ec00000, 0x000000061ec00000|100%| E|CS|TAMS 0x000000061e800000, 0x000000061e800000| Complete 
| 119|0x000000061ec00000, 0x000000061f000000, 0x000000061f000000|100%| E|CS|TAMS 0x000000061ec00000, 0x000000061ec00000| Complete 
| 120|0x000000061f000000, 0x000000061f400000, 0x000000061f400000|100%| E|CS|TAMS 0x000000061f000000, 0x000000061f000000| Complete 
| 121|0x000000061f400000, 0x000000061f800000, 0x000000061f800000|100%| E|CS|TAMS 0x000000061f400000, 0x000000061f400000| Complete 
| 122|0x000000061f800000, 0x000000061fc00000, 0x000000061fc00000|100%| E|CS|TAMS 0x000000061f800000, 0x000000061f800000| Complete 
| 123|0x000000061fc00000, 0x0000000620000000, 0x0000000620000000|100%| E|CS|TAMS 0x000000061fc00000, 0x000000061fc00000| Complete 
| 124|0x0000000620000000, 0x0000000620400000, 0x0000000620400000|100%| E|CS|TAMS 0x0000000620000000, 0x0000000620000000| Complete 
| 125|0x0000000620400000, 0x0000000620800000, 0x0000000620800000|100%| E|CS|TAMS 0x0000000620400000, 0x0000000620400000| Complete 
| 126|0x0000000620800000, 0x0000000620c00000, 0x0000000620c00000|100%| E|CS|TAMS 0x0000000620800000, 0x0000000620800000| Complete 
| 127|0x0000000620c00000, 0x0000000621000000, 0x0000000621000000|100%| E|CS|TAMS 0x0000000620c00000, 0x0000000620c00000| Complete 

Card table byte_map: [0x000001b497440000,0x000001b498440000] _byte_map_base: 0x000001b494438000

Marking Bits (Prev, Next): (CMBitMap*) 0x000001b48353b020, (CMBitMap*) 0x000001b48353b060
 Prev Bits: [0x000001b499440000, 0x000001b4a1400000)
 Next Bits: [0x000001b4a1400000, 0x000001b4a93c0000)

Polling page: 0x000001b481640000

Metaspace:

Usage:
  Non-class:     11.99 MB capacity,    11.88 MB (>99%) used,    98.83 KB ( <1%) free+waste,    19.81 KB ( <1%) overhead. 
      Class:      1.32 MB capacity,     1.24 MB ( 94%) used,    69.82 KB (  5%) free+waste,     7.31 KB ( <1%) overhead. 
       Both:     13.31 MB capacity,    13.12 MB ( 99%) used,   168.65 KB (  1%) free+waste,    27.12 KB ( <1%) overhead. 

Virtual space:
  Non-class space:       12.00 MB reserved,      12.00 MB (100%) committed 
      Class space:        1.00 GB reserved,       1.38 MB ( <1%) committed 
             Both:        1.01 GB reserved,      13.38 MB (  1%) committed 

Chunk freelists:
   Non-Class:  7.00 KB
       Class:  27.00 KB
        Both:  34.00 KB

MaxMetaspaceSize: 17179869184.00 GB
CompressedClassSpaceSize: 1.00 GB

CodeHeap 'non-profiled nmethods': size=120000Kb used=939Kb max_used=939Kb free=119060Kb
 bounds [0x000001b48e9b0000, 0x000001b48ec20000, 0x000001b495ee0000]
CodeHeap 'profiled nmethods': size=120000Kb used=1851Kb max_used=1851Kb free=118148Kb
 bounds [0x000001b487480000, 0x000001b4876f0000, 0x000001b48e9b0000]
CodeHeap 'non-nmethods': size=5760Kb used=1179Kb max_used=1265Kb free=4581Kb
 bounds [0x000001b486ee0000, 0x000001b487150000, 0x000001b487480000]
 total_blobs=1613 nmethods=1174 adapters=352
 compilation: enabled
              stopped_count=0, restarted_count=0
 full_count=0

Compilation events (20 events):
Event: 1.804 Thread 0x000001b4ac94b940 nmethod 1163 0x000001b487648f10 code [0x000001b4876491e0, 0x000001b48764a3d8]
Event: 1.807 Thread 0x000001b4ac94b940 1164       1       futoshikigenerator.State::getAS (5 bytes)
Event: 1.807 Thread 0x000001b4ac94b940 nmethod 1164 0x000001b48ea86a10 code [0x000001b48ea86ba0, 0x000001b48ea86c58]
Event: 1.807 Thread 0x000001b4ac94b940 1165       1       futoshikigenerator.State::setAS (6 bytes)
Event: 1.807 Thread 0x000001b4ac94b940 nmethod 1165 0x000001b48ea86d10 code [0x000001b48ea86ea0, 0x000001b48ea86fb8]
Event: 1.819 Thread 0x000001b4ad349960 nmethod 1132% 0x000001b48ea87010 code [0x000001b48ea874a0, 0x000001b48ea8db68]
Event: 1.819 Thread 0x000001b4ac94b940 1166       3       futoshikigenerator.Backtracer::getDepth (8 bytes)
Event: 1.820 Thread 0x000001b4ac94b940 nmethod 1166 0x000001b48764aa10 code [0x000001b48764aba0, 0x000001b48764ae18]
Event: 1.823 Thread 0x000001b4ac947400 1167 % !   4       futoshikisolver.Futoshiki::clone @ 21 (270 bytes)
Event: 1.823 Thread 0x000001b4ac94b940 1169       3       futoshikigenerator.State::testForSolution (46 bytes)
Event: 1.823 Thread 0x000001b4ac94b940 nmethod 1169 0x000001b48764af10 code [0x000001b48764b0e0, 0x000001b48764b458]
Event: 1.824 Thread 0x000001b4ac94b940 1168       3       futoshikigenerator.Backtracer::traceLevel (109 bytes)
Event: 1.824 Thread 0x000001b4ac94b940 nmethod 1168 0x000001b48764b590 code [0x000001b48764b8c0, 0x000001b48764ccf8]
Event: 1.826 Thread 0x000001b4ac94b940 1170  s    3       java.util.Vector::removeElementAt (115 bytes)
Event: 1.827 Thread 0x000001b4ac94b940 nmethod 1170 0x000001b48764d410 code [0x000001b48764d6a0, 0x000001b48764e1c8]
Event: 1.853 Thread 0x000001b4ad34cf60 1171       4       java.lang.Long::hashCode (8 bytes)
Event: 1.853 Thread 0x000001b4ad34cf60 nmethod 1171 0x000001b48ea93990 code [0x000001b48ea93b00, 0x000001b48ea93b58]
Event: 1.915 Thread 0x000001b4ac94b940 1172       3       java.lang.ThreadLocal::getMap (5 bytes)
Event: 1.915 Thread 0x000001b4ac94b940 nmethod 1172 0x000001b48764e590 code [0x000001b48764e720, 0x000001b48764e838]
Event: 1.916 Thread 0x000001b4ac94b940 1173       3       jdk.internal.loader.NativeLibraries$NativeLibraryImpl::find (6 bytes)

GC Heap History (10 events):
Event: 1.221 GC heap before
{Heap before GC invocations=0 (full 0):
 garbage-first heap   total 524288K, used 24576K [0x0000000601000000, 0x0000000800000000)
  region size 4096K, 6 young (24576K), 0 survivors (0K)
 Metaspace       used 13340K, capacity 13559K, committed 13696K, reserved 1060864K
  class space    used 1265K, capacity 1347K, committed 1408K, reserved 1048576K
}
Event: 1.224 GC heap after
{Heap after GC invocations=1 (full 0):
 garbage-first heap   total 524288K, used 3770K [0x0000000601000000, 0x0000000800000000)
  region size 4096K, 1 young (4096K), 1 survivors (4096K)
 Metaspace       used 13340K, capacity 13559K, committed 13696K, reserved 1060864K
  class space    used 1265K, capacity 1347K, committed 1408K, reserved 1048576K
}
Event: 1.257 GC heap before
{Heap before GC invocations=1 (full 0):
 garbage-first heap   total 524288K, used 28346K [0x0000000601000000, 0x0000000800000000)
  region size 4096K, 7 young (28672K), 1 survivors (4096K)
 Metaspace       used 13365K, capacity 13560K, committed 13696K, reserved 1060864K
  class space    used 1265K, capacity 1347K, committed 1408K, reserved 1048576K
}
Event: 1.259 GC heap after
{Heap after GC invocations=2 (full 0):
 garbage-first heap   total 524288K, used 4024K [0x0000000601000000, 0x0000000800000000)
  region size 4096K, 1 young (4096K), 1 survivors (4096K)
 Metaspace       used 13365K, capacity 13560K, committed 13696K, reserved 1060864K
  class space    used 1265K, capacity 1347K, committed 1408K, reserved 1048576K
}
Event: 1.335 GC heap before
{Heap before GC invocations=2 (full 0):
 garbage-first heap   total 524288K, used 73656K [0x0000000601000000, 0x0000000800000000)
  region size 4096K, 18 young (73728K), 1 survivors (4096K)
 Metaspace       used 13371K, capacity 13560K, committed 13696K, reserved 1060864K
  class space    used 1265K, capacity 1347K, committed 1408K, reserved 1048576K
}
Event: 1.335 GC heap after
{Heap after GC invocations=3 (full 0):
 garbage-first heap   total 524288K, used 3908K [0x0000000601000000, 0x0000000800000000)
  region size 4096K, 1 young (4096K), 1 survivors (4096K)
 Metaspace       used 13371K, capacity 13560K, committed 13696K, reserved 1060864K
  class space    used 1265K, capacity 1347K, committed 1408K, reserved 1048576K
}
Event: 1.666 GC heap before
{Heap before GC invocations=3 (full 0):
 garbage-first heap   total 524288K, used 311108K [0x0000000601000000, 0x0000000800000000)
  region size 4096K, 76 young (311296K), 1 survivors (4096K)
 Metaspace       used 13414K, capacity 13630K, committed 13696K, reserved 1060864K
  class space    used 1270K, capacity 1349K, committed 1408K, reserved 1048576K
}
Event: 1.666 GC heap after
{Heap after GC invocations=4 (full 0):
 garbage-first heap   total 524288K, used 3866K [0x0000000601000000, 0x0000000800000000)
  region size 4096K, 1 young (4096K), 1 survivors (4096K)
 Metaspace       used 13414K, capacity 13630K, committed 13696K, reserved 1060864K
  class space    used 1270K, capacity 1349K, committed 1408K, reserved 1048576K
}
Event: 1.877 GC heap before
{Heap before GC invocations=4 (full 0):
 garbage-first heap   total 524288K, used 311066K [0x0000000601000000, 0x0000000800000000)
  region size 4096K, 76 young (311296K), 1 survivors (4096K)
 Metaspace       used 13419K, capacity 13630K, committed 13696K, reserved 1060864K
  class space    used 1270K, capacity 1349K, committed 1408K, reserved 1048576K
}
Event: 1.877 GC heap after
{Heap after GC invocations=5 (full 0):
 garbage-first heap   total 524288K, used 3867K [0x0000000601000000, 0x0000000800000000)
  region size 4096K, 1 young (4096K), 1 survivors (4096K)
 Metaspace       used 13419K, capacity 13630K, committed 13696K, reserved 1060864K
  class space    used 1270K, capacity 1349K, committed 1408K, reserved 1048576K
}

Deoptimization events (20 events):
Event: 1.250 Thread 0x000001b48148d930 Uncommon trap: trap_request=0xffffff45 fr.pc=0x000001b48e9fe9c0 relative=0x00000000000000a0
Event: 1.250 Thread 0x000001b48148d930 Uncommon trap: reason=unstable_if action=reinterpret pc=0x000001b48e9fe9c0 method=java.util.AbstractSet.equals(Ljava/lang/Object;)Z @ 2 c2
Event: 1.250 Thread 0x000001b48148d930 DEOPT PACKING pc=0x000001b48e9fe9c0 sp=0x00000098622fee40
Event: 1.250 Thread 0x000001b48148d930 DEOPT UNPACKING pc=0x000001b486f2e42f sp=0x00000098622fed58 mode 2
Event: 1.536 Thread 0x000001b48148d930 DEOPT PACKING pc=0x000001b487623157 sp=0x00000098622feef0
Event: 1.536 Thread 0x000001b48148d930 DEOPT UNPACKING pc=0x000001b486f2e23f sp=0x00000098622fe460 mode 0
Event: 1.551 Thread 0x000001b48148d930 DEOPT PACKING pc=0x000001b487623157 sp=0x00000098622feef0
Event: 1.551 Thread 0x000001b48148d930 DEOPT UNPACKING pc=0x000001b486f2e23f sp=0x00000098622fe460 mode 0
Event: 1.562 Thread 0x000001b4acf09910 Uncommon trap: trap_request=0xffffff66 fr.pc=0x000001b48ea1c378 relative=0x0000000000000058
Event: 1.562 Thread 0x000001b4acf09910 Uncommon trap: reason=speculate_class_check action=maybe_recompile pc=0x000001b48ea1c378 method=java.lang.invoke.Invokers$Holder.linkToTargetMethod(Ljava/lang/Object;Ljava/lang/Object;)Ljava/lang/Object; @ 1 c2
Event: 1.562 Thread 0x000001b4acf09910 DEOPT PACKING pc=0x000001b48ea1c378 sp=0x00000098633fce60
Event: 1.562 Thread 0x000001b4acf09910 DEOPT UNPACKING pc=0x000001b486f2e42f sp=0x00000098633fcdf0 mode 2
Event: 1.562 Thread 0x000001b4acf09910 Uncommon trap: trap_request=0xffffff66 fr.pc=0x000001b48ea1c378 relative=0x0000000000000058
Event: 1.562 Thread 0x000001b4acf09910 Uncommon trap: reason=speculate_class_check action=maybe_recompile pc=0x000001b48ea1c378 method=java.lang.invoke.Invokers$Holder.linkToTargetMethod(Ljava/lang/Object;Ljava/lang/Object;)Ljava/lang/Object; @ 1 c2
Event: 1.562 Thread 0x000001b4acf09910 DEOPT PACKING pc=0x000001b48ea1c378 sp=0x00000098633fcff0
Event: 1.562 Thread 0x000001b4acf09910 DEOPT UNPACKING pc=0x000001b486f2e42f sp=0x00000098633fcf80 mode 2
Event: 1.566 Thread 0x000001b48148d930 DEOPT PACKING pc=0x000001b487623157 sp=0x00000098622feef0
Event: 1.566 Thread 0x000001b48148d930 DEOPT UNPACKING pc=0x000001b486f2e23f sp=0x00000098622fe460 mode 0
Event: 1.888 Thread 0x000001b48148d930 DEOPT PACKING pc=0x000001b487625075 sp=0x00000098622fedf0
Event: 1.888 Thread 0x000001b48148d930 DEOPT UNPACKING pc=0x000001b486f2e23f sp=0x00000098622fe2d0 mode 0

Classes unloaded (0 events):
No events

Classes redefined (0 events):
No events

Internal exceptions (20 events):
Event: 0.088 Thread 0x000001b48148d930 Exception <a 'sun/nio/fs/WindowsException'{0x0000000620cda5f0}> (0x0000000620cda5f0) 
thrown [./open/src/hotspot/share/prims/jni.cpp, line 578]
Event: 0.089 Thread 0x000001b48148d930 Exception <a 'sun/nio/fs/WindowsException'{0x0000000620cdab80}> (0x0000000620cdab80) 
thrown [./open/src/hotspot/share/prims/jni.cpp, line 578]
Event: 0.089 Thread 0x000001b48148d930 Exception <a 'sun/nio/fs/WindowsException'{0x0000000620cdd0f0}> (0x0000000620cdd0f0) 
thrown [./open/src/hotspot/share/prims/jni.cpp, line 578]
Event: 0.090 Thread 0x000001b48148d930 Exception <a 'sun/nio/fs/WindowsException'{0x0000000620cddc88}> (0x0000000620cddc88) 
thrown [./open/src/hotspot/share/prims/jni.cpp, line 578]
Event: 0.101 Thread 0x000001b48148d930 Exception <a 'java/lang/NoSuchMethodError'{0x0000000620ded698}: 'java.lang.Object java.lang.invoke.DirectMethodHandle$Holder.invokeStatic(java.lang.Object)'> (0x0000000620ded698) 
thrown [./open/src/hotspot/share/interpreter/linkResolver.cpp, line 782]
Event: 0.101 Thread 0x000001b48148d930 Exception <a 'java/lang/NoSuchMethodError'{0x0000000620df0fa8}: 'java.lang.Object java.lang.invoke.DirectMethodHandle$Holder.invokeStaticInit(java.lang.Object)'> (0x0000000620df0fa8) 
thrown [./open/src/hotspot/share/interpreter/linkResolver.cpp, line 782]
Event: 0.102 Thread 0x000001b48148d930 Exception <a 'java/lang/NoSuchMethodError'{0x0000000620df76b0}: 'void java.lang.invoke.DirectMethodHandle$Holder.invokeSpecial(java.lang.Object, java.lang.Object, java.lang.Object)'> (0x0000000620df76b0) 
thrown [./open/src/hotspot/share/interpreter/linkResolver.cpp, line 782]
Event: 0.104 Thread 0x000001b48148d930 Exception <a 'java/lang/NoSuchMethodError'{0x0000000620e01128}: 'java.lang.Object java.lang.invoke.DirectMethodHandle$Holder.invokeInterface(java.lang.Object, java.lang.Object)'> (0x0000000620e01128) 
thrown [./open/src/hotspot/share/interpreter/linkResolver.cpp, line 782]
Event: 0.137 Thread 0x000001b4acf09910 Exception <a 'java/lang/NoSuchMethodError'{0x0000000620e7a348}: 'void java.lang.invoke.DirectMethodHandle$Holder.invokeStatic(java.lang.Object, java.lang.Object)'> (0x0000000620e7a348) 
thrown [./open/src/hotspot/share/interpreter/linkResolver.cpp, line 782]
Event: 0.572 Thread 0x000001b48148d930 Exception <a 'java/lang/NoSuchMethodError'{0x0000000620e629d8}: 'java.lang.Object java.lang.invoke.DirectMethodHandle$Holder.invokeStaticInit(java.lang.Object, java.lang.Object, java.lang.Object)'> (0x0000000620e629d8) 
thrown [./open/src/hotspot/share/interpreter/linkResolver.cpp, line 782]
Event: 0.575 Thread 0x000001b48148d930 Exception <a 'java/lang/NoSuchMethodError'{0x0000000620ffa988}: 'int java.lang.invoke.DirectMethodHandle$Holder.invokeSpecial(java.lang.Object, java.lang.Object, java.lang.Object)'> (0x0000000620ffa988) 
thrown [./open/src/hotspot/share/interpreter/linkResolver.cpp, line 782]
Event: 0.584 Thread 0x000001b48148d930 Exception <a 'java/lang/NoSuchMethodError'{0x000000062080f250}: 'int java.lang.invoke.DirectMethodHandle$Holder.invokeInterface(java.lang.Object, java.lang.Object)'> (0x000000062080f250) 
thrown [./open/src/hotspot/share/interpreter/linkResolver.cpp, line 782]
Event: 0.584 Thread 0x000001b48148d930 Exception <a 'java/lang/IncompatibleClassChangeError'{0x0000000620812a48}: Found class java.lang.Object, but interface was expected> (0x0000000620812a48) 
thrown [./open/src/hotspot/share/interpreter/linkResolver.cpp, line 848]
Event: 0.629 Thread 0x000001b48148d930 Exception <a 'java/lang/NoSuchMethodError'{0x00000006209991f8}: 'void java.lang.invoke.DirectMethodHandle$Holder.invokeStatic(java.lang.Object, java.lang.Object, java.lang.Object)'> (0x00000006209991f8) 
thrown [./open/src/hotspot/share/interpreter/linkResolver.cpp, line 782]
Event: 0.655 Thread 0x000001b4acf09910 Exception <a 'java/lang/VerifyError'{0x0000000620f4ff48}: Stack map does not match the one at exception handler 21
Exception Details:
  Location:
    org/netbeans/lib/profiler/ConstructorTest.<init>()V @21: astore_1
  Reason:
    Current frame's flags are not assignable to stack map frame's.
  Current Frame:
    bci: @0
    flags: { flagThisUninit }
    locals: { uninitializedThis }
    stack: { 'java/lang/Throwable' }
  Stackmap Frame:
    bci: @21
    flags: { }
    locals: { top }
    stack: { 'java/lan
Event: 0.877 Thread 0x000001b4acf09910 Exception <a 'java/lang/NoSuchMethodError'{0x0000000620af6e30}: 'void java.lang.invoke.DirectMethodHandle$Holder.invokeStaticInit(java.lang.Object, java.lang.Object)'> (0x0000000620af6e30) 
thrown [./open/src/hotspot/share/interpreter/linkResolver.cpp, line 782]
Event: 0.881 Thread 0x000001b4acf09910 Exception <a 'java/lang/NoSuchMethodError'{0x0000000620b23da0}: 'java.lang.Object java.lang.invoke.DirectMethodHandle$Holder.invokeStaticInit(java.lang.Object, int, int, int, int)'> (0x0000000620b23da0) 
thrown [./open/src/hotspot/share/interpreter/linkResolver.cpp, line 782]
Event: 0.906 Thread 0x000001b4acf09910 Exception <a 'java/lang/NoSuchMethodError'{0x0000000620be9ec8}: 'java.lang.Object java.lang.invoke.DirectMethodHandle$Holder.invokeStaticInit(java.lang.Object, java.lang.Object, int, int, int, int)'> (0x0000000620be9ec8) 
thrown [./open/src/hotspot/share/interpreter/linkResolver.cpp, line 782]
Event: 0.909 Thread 0x000001b4acf09910 Exception <a 'java/lang/NoSuchMethodError'{0x0000000620bf4d18}: 'java.lang.Object java.lang.invoke.Invokers$Holder.invoke_MT(java.lang.Object, java.lang.Object, java.lang.Object)'> (0x0000000620bf4d18) 
thrown [./open/src/hotspot/share/interpreter/linkResolver.cpp, line 782]
Event: 1.174 Thread 0x000001b48148d930 Exception <a 'java/lang/NoSuchMethodError'{0x000000062064d730}: 'java.lang.Object java.lang.invoke.DirectMethodHandle$Holder.invokeSpecial(java.lang.Object, java.lang.Object, int, int, int, int)'> (0x000000062064d730) 
thrown [./open/src/hotspot/share/interpreter/linkResolver.cpp, line 782]

Events (20 events):
Event: 1.838 Executing VM operation: GetAllStackTraces
Event: 1.838 Executing VM operation: GetAllStackTraces done
Event: 1.853 Executing VM operation: GetAllStackTraces
Event: 1.853 Executing VM operation: GetAllStackTraces done
Event: 1.868 Executing VM operation: GetAllStackTraces
Event: 1.869 Executing VM operation: GetAllStackTraces done
Event: 1.877 Executing VM operation: G1CollectForAllocation
Event: 1.877 Executing VM operation: G1CollectForAllocation done
Event: 1.884 Executing VM operation: GetAllStackTraces
Event: 1.884 Executing VM operation: GetAllStackTraces done
Event: 1.899 Executing VM operation: GetAllStackTraces
Event: 1.899 Executing VM operation: GetAllStackTraces done
Event: 1.915 Executing VM operation: GetAllStackTraces
Event: 1.915 Executing VM operation: GetAllStackTraces done
Event: 1.915 loading class org/netbeans/lib/profiler/wireprotocol/EventBufferDumpedCommand
Event: 1.915 loading class org/netbeans/lib/profiler/wireprotocol/EventBufferDumpedCommand done
Event: 1.915 loading class org/netbeans/lib/profiler/wireprotocol/DumpResultsResponse
Event: 1.915 loading class org/netbeans/lib/profiler/wireprotocol/DumpResultsResponse done
Event: 1.916 loading class org/netbeans/lib/profiler/wireprotocol/GetMethodNamesForJMethodIdsCommand
Event: 1.916 loading class org/netbeans/lib/profiler/wireprotocol/GetMethodNamesForJMethodIdsCommand done


Dynamic libraries:
0x00007ff63cb70000 - 0x00007ff63cb7d000 	C:\Users\Connor\.p2\pool\plugins\org.eclipse.justj.openjdk.hotspot.jre.full.win32.x86_64_15.0.2.v20210201-0955\jre\bin\java.exe
0x00007ff983b30000 - 0x00007ff983d25000 	C:\WINDOWS\SYSTEM32\ntdll.dll
0x00007ff9839a0000 - 0x00007ff983a5e000 	C:\WINDOWS\System32\KERNEL32.DLL
0x00007ff981410000 - 0x00007ff9816d8000 	C:\WINDOWS\System32\KERNELBASE.dll
0x00007ff9819d0000 - 0x00007ff981ad0000 	C:\WINDOWS\System32\ucrtbase.dll
0x00007ff96c480000 - 0x00007ff96c498000 	C:\Users\Connor\.p2\pool\plugins\org.eclipse.justj.openjdk.hotspot.jre.full.win32.x86_64_15.0.2.v20210201-0955\jre\bin\jli.dll
0x00007ff979560000 - 0x00007ff979579000 	C:\Users\Connor\.p2\pool\plugins\org.eclipse.justj.openjdk.hotspot.jre.full.win32.x86_64_15.0.2.v20210201-0955\jre\bin\VCRUNTIME140.dll
0x00007ff982fb0000 - 0x00007ff983150000 	C:\WINDOWS\System32\USER32.dll
0x00007ff973810000 - 0x00007ff973aaa000 	C:\WINDOWS\WinSxS\amd64_microsoft.windows.common-controls_6595b64144ccf1df_6.0.19041.1110_none_60b5254171f9507e\COMCTL32.dll
0x00007ff981b60000 - 0x00007ff981b82000 	C:\WINDOWS\System32\win32u.dll
0x00007ff9833f0000 - 0x00007ff98348e000 	C:\WINDOWS\System32\msvcrt.dll
0x00007ff9824c0000 - 0x00007ff9824eb000 	C:\WINDOWS\System32\GDI32.dll
0x00007ff9818c0000 - 0x00007ff9819cb000 	C:\WINDOWS\System32\gdi32full.dll
0x00007ff981250000 - 0x00007ff9812ed000 	C:\WINDOWS\System32\msvcp_win.dll
0x00007ff982e70000 - 0x00007ff982ea0000 	C:\WINDOWS\System32\IMM32.DLL
0x00007ff97c6d0000 - 0x00007ff97c6dc000 	C:\Users\Connor\.p2\pool\plugins\org.eclipse.justj.openjdk.hotspot.jre.full.win32.x86_64_15.0.2.v20210201-0955\jre\bin\vcruntime140_1.dll
0x00007ff958950000 - 0x00007ff9589e1000 	C:\Users\Connor\.p2\pool\plugins\org.eclipse.justj.openjdk.hotspot.jre.full.win32.x86_64_15.0.2.v20210201-0955\jre\bin\msvcp140.dll
0x00007ff8e0370000 - 0x00007ff8e0ece000 	C:\Users\Connor\.p2\pool\plugins\org.eclipse.justj.openjdk.hotspot.jre.full.win32.x86_64_15.0.2.v20210201-0955\jre\bin\server\jvm.dll
0x00007ff9822e0000 - 0x00007ff98238e000 	C:\WINDOWS\System32\ADVAPI32.dll
0x00007ff981c70000 - 0x00007ff981d0c000 	C:\WINDOWS\System32\sechost.dll
0x00007ff981d10000 - 0x00007ff981e35000 	C:\WINDOWS\System32\RPCRT4.dll
0x00007ff982e60000 - 0x00007ff982e68000 	C:\WINDOWS\System32\PSAPI.DLL
0x00007ff97bdb0000 - 0x00007ff97bdb9000 	C:\WINDOWS\SYSTEM32\WSOCK32.dll
0x00007ff971270000 - 0x00007ff971297000 	C:\WINDOWS\SYSTEM32\WINMM.dll
0x00007ff97aec0000 - 0x00007ff97aeca000 	C:\WINDOWS\SYSTEM32\VERSION.dll
0x00007ff982df0000 - 0x00007ff982e5b000 	C:\WINDOWS\System32\WS2_32.dll
0x00007ff97f360000 - 0x00007ff97f372000 	C:\WINDOWS\SYSTEM32\kernel.appcore.dll
0x00007ff976070000 - 0x00007ff97607a000 	C:\Users\Connor\.p2\pool\plugins\org.eclipse.justj.openjdk.hotspot.jre.full.win32.x86_64_15.0.2.v20210201-0955\jre\bin\jimage.dll
0x00007ff97f000000 - 0x00007ff97f1e4000 	C:\WINDOWS\SYSTEM32\DBGHELP.DLL
0x00007ff965d00000 - 0x00007ff965d2c000 	C:\WINDOWS\SYSTEM32\dbgcore.DLL
0x00007ff981ad0000 - 0x00007ff981b52000 	C:\WINDOWS\System32\bcryptPrimitives.dll
0x00007ff972b20000 - 0x00007ff972b2f000 	C:\Program Files\NetBeans-12.1\netbeans\profiler\lib\deployed\jdk16\windows-amd64\profilerinterface.dll
0x00007ff969740000 - 0x00007ff969765000 	C:\Users\Connor\.p2\pool\plugins\org.eclipse.justj.openjdk.hotspot.jre.full.win32.x86_64_15.0.2.v20210201-0955\jre\bin\java.dll
0x00007ff967210000 - 0x00007ff967228000 	C:\Users\Connor\.p2\pool\plugins\org.eclipse.justj.openjdk.hotspot.jre.full.win32.x86_64_15.0.2.v20210201-0955\jre\bin\zip.dll
0x00007ff9825e0000 - 0x00007ff982d24000 	C:\WINDOWS\System32\SHELL32.dll
0x00007ff97f380000 - 0x00007ff97fb14000 	C:\WINDOWS\SYSTEM32\windows.storage.dll
0x00007ff983640000 - 0x00007ff983994000 	C:\WINDOWS\System32\combase.dll
0x00007ff980cb0000 - 0x00007ff980cdc000 	C:\WINDOWS\SYSTEM32\Wldp.dll
0x00007ff982ea0000 - 0x00007ff982f4d000 	C:\WINDOWS\System32\SHCORE.dll
0x00007ff9824f0000 - 0x00007ff982545000 	C:\WINDOWS\System32\shlwapi.dll
0x00007ff981190000 - 0x00007ff9811af000 	C:\WINDOWS\SYSTEM32\profapi.dll
0x00007ff966e50000 - 0x00007ff966e69000 	C:\Users\Connor\.p2\pool\plugins\org.eclipse.justj.openjdk.hotspot.jre.full.win32.x86_64_15.0.2.v20210201-0955\jre\bin\net.dll
0x00007ff97cad0000 - 0x00007ff97cbd9000 	C:\WINDOWS\SYSTEM32\WINHTTP.dll
0x00007ff980a10000 - 0x00007ff980a7a000 	C:\WINDOWS\system32\mswsock.dll
0x00007ff958e60000 - 0x00007ff958e72000 	C:\Users\Connor\.p2\pool\plugins\org.eclipse.justj.openjdk.hotspot.jre.full.win32.x86_64_15.0.2.v20210201-0955\jre\bin\nio.dll
0x00007ff96c4c0000 - 0x00007ff96c4c9000 	C:\Users\Connor\.p2\pool\plugins\org.eclipse.justj.openjdk.hotspot.jre.full.win32.x86_64_15.0.2.v20210201-0955\jre\bin\management.dll
0x00007ff96c070000 - 0x00007ff96c07b000 	C:\Users\Connor\.p2\pool\plugins\org.eclipse.justj.openjdk.hotspot.jre.full.win32.x86_64_15.0.2.v20210201-0955\jre\bin\management_ext.dll
0x00007ff980c00000 - 0x00007ff980c18000 	C:\WINDOWS\SYSTEM32\CRYPTSP.dll
0x00007ff980320000 - 0x00007ff980354000 	C:\WINDOWS\system32\rsaenh.dll
0x00007ff9816e0000 - 0x00007ff981707000 	C:\WINDOWS\System32\bcrypt.dll
0x00007ff981150000 - 0x00007ff98117e000 	C:\WINDOWS\SYSTEM32\USERENV.dll
0x00007ff980c20000 - 0x00007ff980c2c000 	C:\WINDOWS\SYSTEM32\CRYPTBASE.dll
0x00007ff9806b0000 - 0x00007ff9806eb000 	C:\WINDOWS\SYSTEM32\IPHLPAPI.DLL
0x00007ff981e60000 - 0x00007ff981e68000 	C:\WINDOWS\System32\NSI.dll
0x00007ff97c5b0000 - 0x00007ff97c5c7000 	C:\WINDOWS\SYSTEM32\dhcpcsvc6.DLL
0x00007ff97c590000 - 0x00007ff97c5ad000 	C:\WINDOWS\SYSTEM32\dhcpcsvc.DLL
0x00007ff980700000 - 0x00007ff9807ca000 	C:\WINDOWS\SYSTEM32\DNSAPI.dll

dbghelp: loaded successfully - version: 4.0.5 - missing functions: none
symbol engine: initialized successfully - sym options: 0x614 - pdb path: .;C:\Users\Connor\.p2\pool\plugins\org.eclipse.justj.openjdk.hotspot.jre.full.win32.x86_64_15.0.2.v20210201-0955\jre\bin;C:\WINDOWS\SYSTEM32;C:\WINDOWS\WinSxS\amd64_microsoft.windows.common-controls_6595b64144ccf1df_6.0.19041.1110_none_60b5254171f9507e;C:\Users\Connor\.p2\pool\plugins\org.eclipse.justj.openjdk.hotspot.jre.full.win32.x86_64_15.0.2.v20210201-0955\jre\bin\server;C:\Program Files\NetBeans-12.1\netbeans\profiler\lib\deployed\jdk16\windows-amd64

VM Arguments:
jvm_args: -Dfile.encoding=UTF-8 -agentpath:C:/Program Files/NetBeans-12.1/netbeans/profiler/lib/deployed/jdk16/windows-amd64/profilerinterface.dll=C:\Program Files\NetBeans-12.1\netbeans\profiler\lib,5140,10 -XX:+HeapDumpOnOutOfMemoryError -XX:HeapDumpPath=C:\Users\Connor\eclipse-workspace\Generating-Large-Futoshiki-Puzzles\nbproject\private\profiler --module-path=C:\Users\Connor\eclipse-workspace\Generating-Large-Futoshiki-Puzzles\build\classes 
java_command: futoshikigenerator.CreatePuzzle
java_class_path (initial): C:\Users\Connor\eclipse-workspace\Generating-Large-Futoshiki-Puzzles\build\classes
Launcher Type: SUN_STANDARD

[Global flags]
     intx CICompilerCount                          = 4                                         {product} {ergonomic}
     uint ConcGCThreads                            = 3                                         {product} {ergonomic}
     uint G1ConcRefinementThreads                  = 10                                        {product} {ergonomic}
   size_t G1HeapRegionSize                         = 4194304                                   {product} {ergonomic}
    uintx GCDrainStackTargetSize                   = 64                                        {product} {ergonomic}
     bool HeapDumpOnOutOfMemoryError               = true                                   {manageable} {command line}
    ccstr HeapDumpPath                             = C:\Users\Connor\eclipse-workspace\Generating-Large-Futoshiki-Puzzles\nbproject\private\profiler         {manageable} {command line}
   size_t InitialHeapSize                          = 536870912                                 {product} {ergonomic}
   size_t MarkStackSize                            = 4194304                                   {product} {ergonomic}
   size_t MaxHeapSize                              = 8573157376                                {product} {ergonomic}
   size_t MaxNewSize                               = 5142216704                                {product} {ergonomic}
   size_t MinHeapDeltaBytes                        = 4194304                                   {product} {ergonomic}
   size_t MinHeapSize                              = 8388608                                   {product} {ergonomic}
    uintx NonNMethodCodeHeapSize                   = 5839372                                {pd product} {ergonomic}
    uintx NonProfiledCodeHeapSize                  = 122909434                              {pd product} {ergonomic}
    uintx ProfiledCodeHeapSize                     = 122909434                              {pd product} {ergonomic}
    uintx ReservedCodeCacheSize                    = 251658240                              {pd product} {ergonomic}
     bool SegmentedCodeCache                       = true                                      {product} {ergonomic}
   size_t SoftMaxHeapSize                          = 8573157376                             {manageable} {ergonomic}
     bool UseCompressedClassPointers               = true                                 {lp64_product} {ergonomic}
     bool UseCompressedOops                        = true                                 {lp64_product} {ergonomic}
     bool UseG1GC                                  = true                                      {product} {ergonomic}
     bool UseLargePagesIndividualAllocation        = false                                  {pd product} {ergonomic}

Logging:
Log output configuration:
 #0: stdout all=warning uptime,level,tags
 #1: stderr all=off uptime,level,tags

Environment Variables:
PATH=c:\devkitPro\msys2\usr\bin;C:\devkitPro\devkitARM\bin;C:\Program Files\Common Files\Oracle\Java\javapath;C:\Program Files (x86)\Common Files\Oracle\Java\javapath;C:\Program Files\Java\jdk-14.0.2\bin;C:\ProgramData\Oracle\Java\javapath;C:\WINDOWS\system32;C:\WINDOWS;C:\WINDOWS\System32\Wbem;C:\WINDOWS\System32\WindowsPowerShell\v1.0\;C:\Program Files (x86)\NVIDIA Corporation\PhysX\Common;C:\WINDOWS\System32\OpenSSH\;C:\MinGW\bin;C:\WINDOWS\system32;C:\WINDOWS;C:\WINDOWS\System32\Wbem;C:\WINDOWS\System32\WindowsPowerShell\v1.0\;C:\WINDOWS\System32\OpenSSH\;C:\Program Files (x86)\Microsoft SQL Server\110\Tools\Binn\;C:\Program Files\Microsoft SQL Server\110\Tools\Binn\;C:\Program Files\Microsoft SQL Server\110\DTS\Binn\;C:\Program Files (x86)\Microsoft SQL Server\110\Tools\Binn\ManagementStudio\;C:\Program Files (x86)\Microsoft SQL Server\110\DTS\Binn\;C:\Program Files\MATLAB\R2020b\bin;C:\Program Files\dotnet\;C:\devkitPro\devkitARM\bin;";C:\devkitPro\devkitARM\bin\";C:\Program Files\nodejs\;C:\Program Files\NVIDIA Corporation\NVIDIA NvDLISR;C:\Strawberry\c\bin;C:\Strawberry\perl\site\bin;C:\Strawberry\perl\bin;C:\Users\Connor\AppData\Local\Programs\Python\Python37\Scripts\;C:\Users\Connor\AppData\Local\Programs\Python\Python37\;C:\Program Files\Java\jdk-14.0.2\bin;C:\Users\Connor\AppData\Local\Microsoft\WindowsApps;C:\Users\Connor\AppData\Local\Programs\Microsoft VS Code\bin;C:\Users\Connor\AppData\Local\GitHubDesktop\bin;C:\Users\Connor\.dotnet\tools;C:\Users\Connor\AppData\Roaming\npm;C:\Users\Connor\AppData\Local\Programs\MiKTeX\miktex\bin\x64\
USERNAME=Connor
OS=Windows_NT
PROCESSOR_IDENTIFIER=Intel64 Family 6 Model 158 Stepping 10, GenuineIntel



---------------  S Y S T E M  ---------------

OS:
 Windows 10 , 64 bit Build 19041 (10.0.19041.1566)
OS uptime: 0 days 6:44 hours

CPU: total 12 (initial active 12) (6 cores per cpu, 2 threads per core) family 6 model 158 stepping 10 microcode 0xb4, cmov, cx8, fxsr, mmx, sse, sse2, sse3, ssse3, sse4.1, sse4.2, popcnt, vzeroupper, avx, avx2, aes, clmul, erms, rtm, 3dnowpref, lzcnt, ht, tsc, tscinvbit, bmi1, bmi2, adx, fma, clflush, clflushopt

Memory: 4k page, system-wide physical 32697M (18622M free)
TotalPageFile size 37561M (AvailPageFile size 12996M)
current process WorkingSet (physical memory assigned to process): 400M, peak: 403M
current process commit charge ("private bytes"): 661M, peak: 675M

vm_info: OpenJDK 64-Bit Server VM (15.0.2+7-27) for windows-amd64 JRE (15.0.2+7-27), built on Dec  7 2020 20:02:38 by "mach5one" with unknown MS VC++:1925

END.
